<?xml version="1.0" encoding="UTF-8"?>
<!-- Generated by org.testng.reporters.JUnitReportReporter -->
<testsuite hostname="DESKTOP-BS17UO9" failures="0" tests="6" name="com.ecommerce.test.ParallelTest" time="10.306" errors="0" timestamp="2023-07-22T11:05:35 IST" skipped="0">
  <testcase classname="com.ecommerce.test.ParallelTest" name="f1" time="0.015"/>
  <testcase classname="com.ecommerce.test.ParallelTest" name="facebookAccCreation" time="3.164"/>
  <testcase classname="com.ecommerce.test.ParallelTest" name="googleAccCreation" time="3.084"/>
  <testcase classname="com.ecommerce.test.ParallelTest" name="googleWebsiteTitle" time="2.257"/>
  <testcase classname="com.ecommerce.test.ParallelTest" name="f2" time="0.004"/>
  <testcase classname="com.ecommerce.test.ParallelTest" name="googleAccCreation" time="1.782"/>
</testsuite> <!-- com.ecommerce.test.ParallelTest -->
